<?xml version="1.0" encoding="UTF-8"?>
<!-- Generated by org.testng.reporters.JUnitXMLReporter -->
<testsuite hostname="DHEERAJ" ignored="0" name="test1" tests="1" failures="0" timestamp="22 Mar 2019 14:11:52 GMT" time="25.321" errors="0">
  <testcase name="@BeforeTest beforeMethod" time="0.0" classname="com.homepagetestcase.LaunchURLTestCase">
    <failure type="java.lang.NullPointerException">
      <![CDATA[java.lang.NullPointerException
	at com.testBase.Waits.Simplewaits(Waits.java:19)
	at com.testBase.LaunchBrowser.launch(LaunchBrowser.java:29)
	at com.homepagetestcase.LaunchURLTestCase.beforeMethod(LaunchURLTestCase.java:17)
... Removed 23 stack frames]]>
    </failure>
  </testcase> <!-- @BeforeTest beforeMethod -->
  <testcase name="@AfterTest closeBrowser" time="0.0" classname="com.homepagetestcase.LaunchURLTestCase">
    <skipped/>
  </testcase> <!-- @AfterTest closeBrowser -->
  <testcase name="login" time="0.006" classname="com.homepagetestcase.LaunchURLTestCase">
    <skipped/>
  </testcase> <!-- login -->
</testsuite> <!-- test1 -->
