<?xml version="1.0" encoding="UTF-8"?>
<!-- Generated by org.testng.reporters.JUnitXMLReporter -->
<testsuite hostname="DHEERAJ" ignored="0" name="test1" tests="1" failures="0" timestamp="22 Mar 2019 08:09:01 GMT" time="67.857" errors="0">
  <testcase name="@BeforeClass beforeMethod" time="0.0" classname="com.testcases.TestCase1">
    <failure type="java.lang.NullPointerException">
      <![CDATA[java.lang.NullPointerException
	at com.datadriven.Waits.Simplewaits(Waits.java:19)
	at com.datadriven.LaunchBrowser.launch(LaunchBrowser.java:25)
	at com.testcases.TestCase1.beforeMethod(TestCase1.java:31)
... Removed 25 stack frames]]>
    </failure>
  </testcase> <!-- @BeforeClass beforeMethod -->
  <testcase name="@AfterClass afterMethod" time="0.0" classname="com.testcases.TestCase1">
    <skipped/>
  </testcase> <!-- @AfterClass afterMethod -->
  <testcase name="login" time="0.003" classname="com.testcases.TestCase1">
    <skipped/>
  </testcase> <!-- login -->
</testsuite> <!-- test1 -->
